#
# There is insufficient memory for the Java Runtime Environment to continue.
# Native memory allocation (mmap) failed to map 65536 bytes for Failed to commit metaspace.
# Possible reasons:
#   The system is out of physical RAM or swap space
#   The process is running with CompressedOops enabled, and the Java Heap may be blocking the growth of the native heap
# Possible solutions:
#   Reduce memory load on the system
#   Increase physical memory or swap space
#   Check if swap backing store is full
#   Decrease Java heap size (-Xmx/-Xms)
#   Decrease number of Java threads
#   Decrease Java thread stack sizes (-Xss)
#   Set larger code cache with -XX:ReservedCodeCacheSize=
#
#  
#
# 

V  [jvm.dll+0x7cdc78]
V  [jvm.dll+0x7cf73e]
V  [jvm.dll+0x7cfdf3]
V  [jvm.dll+0x245cef]
V  [jvm.dll+0x7c9a4b]
V  [jvm.dll+0x6122b6]
V  [jvm.dll+0x61231a]
V  [jvm.dll+0x614b9d]
V  [jvm.dll+0x612cb6]
V  [jvm.dll+0x24369c]
V  [jvm.dll+0x6c324d]
V  [jvm.dll+0x6c3c5f]
V  [jvm.dll+0x36f6c5]
V  [jvm.dll+0x36e754]
V  [jvm.dll+0x36e6f8]
V  [jvm.dll+0x37e55a]
C  0x000001f1e841998e

The last pc belongs to new (printed below).
Java frames: (J=compiled Java code, j=interpreted, Vv=VM code)
j  java.lang.Throwable.printStackTrace(Ljava/io/PrintStream;)V+1 java.base@17.0.9
j  java.lang.ThreadGroup.uncaughtException(Ljava/lang/Thread;Ljava/lang/Throwable;)V+82 java.base@17.0.9
j  java.lang.ThreadGroup.uncaughtException(Ljava/lang/Thread;Ljava/lang/Throwable;)V+13 java.base@17.0.9
j  java.lang.Thread.dispatchUncaughtException(Ljava/lang/Throwable;)V+6 java.base@17.0.9
v  ~StubRoutines::call_stub
new  187 new  [0x000001f1e8419800, 0x000001f1e8419a20]  544 bytes
[MachCode]
  0x000001f1e8419800: 4883 ec08 | c5fa 1104 | 24eb 1f48 | 83ec 10c5 | fb11 0424 | eb14 4883 | ec10 4889 | 0424 48c7 
  0x000001f1e8419820: 4424 0800 | 0000 00eb | 0150 410f | b755 010f | cac1 ea10 | 488b 4de8 | 488b 4908 | 488b 4908 
  0x000001f1e8419840: 488b 4108 | 807c 1004 | 070f 85df | 0000 0066 | 8b54 d148 | 488b 4928 | 488b 4cd1 | 0851 80b9 
  0x000001f1e8419860: 3301 0000 | 040f 85c2 | 0000 008b | 5108 f7c2 | 0100 0000 | 0f85 b300 | 0000 498b | 8708 0100 
  0x000001f1e8419880: 0048 8d1c | 1049 3b9f | 1801 0000 | 0f87 9b00 | 0000 4989 | 9f08 0100 | 00e9 0000 | 0000 4883 
  0x000001f1e84198a0: ea10 0f84 | 0f00 0000 | 33c9 c1ea | 0348 894c | d008 48ff | ca75 f648 | c700 0100 | 0000 5933 
  0x000001f1e84198c0: f689 700c | 49ba 0000 | 0080 f101 | 0000 492b | ca89 4808 | 49ba e207 | 1e18 fc7f | 0000 4180 
  0x000001f1e84198e0: 3a00 0f84 | 4000 0000 | 5048 8bc8 | 4883 ec20 | f7c4 0f00 | 0000 0f84 | 1a00 0000 | 4883 ec08 
  0x000001f1e8419900: 49ba 9023 | db17 fc7f | 0000 41ff | d248 83c4 | 08e9 0d00 | 0000 49ba | 9023 db17 | fc7f 0000 
  0x000001f1e8419920: 41ff d248 | 83c4 2058 | e9cd 0000 | 0059 488b | 55e8 488b | 5208 488b | 5208 450f | b745 0141 
  0x000001f1e8419940: 0fc8 41c1 | e810 e805 | 0000 00e9 | aa00 0000 | 488d 4424 | 084c 896d | c049 8bcf | c5f8 7749 
  0x000001f1e8419960: 89af a802 | 0000 4989 | 8798 0200 | 0048 83ec | 20f7 c40f | 0000 000f | 841a 0000 | 0048 83ec 
  0x000001f1e8419980: 0849 bad0 | e4a5 17fc | 7f00 0041 | ffd2 4883 | c408 e90d | 0000 0049 | bad0 e4a5 | 17fc 7f00 
  0x000001f1e84199a0: 0041 ffd2 | 4883 c420 | 49c7 8798 | 0200 0000 | 0000 0049 | c787 a802 | 0000 0000 | 0000 49c7 
  0x000001f1e84199c0: 87a0 0200 | 0000 0000 | 00c5 f877 | 4981 7f08 | 0000 0000 | 0f84 0500 | 0000 e921 | 75fe ff49 
  0x000001f1e84199e0: 8b87 f002 | 0000 49c7 | 87f0 0200 | 0000 0000 | 004c 8b6d | c04c 8b75 | c8c3 410f | b65d 0349 
  0x000001f1e8419a00: 83c5 0349 | ba70 6e20 | 18fc 7f00 | 0041 ff24 | da0f 1f80 | 0000 0000 | 0000 0000 | 0000 0000 
[/MachCode]

---------------  P R O C E S S  ---------------

Threads class SMR info:
_java_thread_list=0x000001f1c18a3ac0, length=35, elements={
0x000001f1f75b5ea0, 0x000001f1f75b6980, 0x000001f1f75cbca0, 0x000001f1f75cc670,
0x000001f1f75cd040, 0x000001f1f75cf1c0, 0x000001f1f75d2730, 0x000001f1f75dfd50,
0x000001f1f7cf0090, 0x000001f1f8068a80, 0x000001f1f85be1a0, 0x000001f1f8764070,
0x000001f1f87b81b0, 0x000001f1f88008c0, 0x000001f1f881c5b0, 0x000001f1fd345a20,
0x000001f1fef44d70, 0x000001f1fef45280, 0x000001f1fef46bd0, 0x000001f1fef43e40,
0x000001f1fef43420, 0x000001f1fef466c0, 0x000001f1fef44860, 0x000001f1fef45790,
0x000001f1fef475f0, 0x000001f1fef45ca0, 0x000001f1fef44350, 0x000001f1fef48010,
0x000001f1fef49450, 0x000001f1fef48520, 0x000001f1fef48a30, 0x000001f1fef470e0,
0x000001f1fef49960, 0x000001f1fef47b00, 0x000001f1f7ea29e0
}

Java Threads: ( => current thread )
  0x000001f1f75b5ea0 JavaThread "Reference Handler" daemon [_thread_blocked, id=27100, stack(0x0000007810d00000,0x0000007810e00000)]
  0x000001f1f75b6980 JavaThread "Finalizer" daemon [_thread_blocked, id=30620, stack(0x0000007810e00000,0x0000007810f00000)]
  0x000001f1f75cbca0 JavaThread "Signal Dispatcher" daemon [_thread_blocked, id=6616, stack(0x0000007810f00000,0x0000007811000000)]
  0x000001f1f75cc670 JavaThread "Attach Listener" daemon [_thread_blocked, id=8460, stack(0x0000007811000000,0x0000007811100000)]
  0x000001f1f75cd040 JavaThread "Service Thread" daemon [_thread_blocked, id=28964, stack(0x0000007811100000,0x0000007811200000)]
  0x000001f1f75cf1c0 JavaThread "Monitor Deflation Thread" daemon [_thread_blocked, id=17816, stack(0x0000007811200000,0x0000007811300000)]
  0x000001f1f75d2730 JavaThread "C1 CompilerThread0" daemon [_thread_blocked, id=15544, stack(0x0000007811300000,0x0000007811400000)]
  0x000001f1f75dfd50 JavaThread "Sweeper thread" daemon [_thread_blocked, id=25416, stack(0x0000007811400000,0x0000007811500000)]
  0x000001f1f7cf0090 JavaThread "Common-Cleaner" daemon [_thread_blocked, id=19576, stack(0x0000007811500000,0x0000007811600000)]
  0x000001f1f8068a80 JavaThread "Monitor Ctrl-Break" daemon [_thread_in_native, id=16628, stack(0x0000007811800000,0x0000007811900000)]
  0x000001f1f85be1a0 JavaThread "Notification Thread" daemon [_thread_blocked, id=28968, stack(0x0000007811900000,0x0000007811a00000)]
  0x000001f1f8764070 JavaThread "RMI TCP Accept-0" daemon [_thread_in_native, id=23328, stack(0x0000007811a00000,0x0000007811b00000)]
  0x000001f1f87b81b0 JavaThread "RMI TCP Connection(1)-192.168.68.107" daemon [_thread_blocked, id=31340, stack(0x0000007811c00000,0x0000007811d00000)]
  0x000001f1f88008c0 JavaThread "RMI Scheduler(0)" daemon [_thread_blocked, id=7980, stack(0x0000007812600000,0x0000007812700000)]
  0x000001f1f881c5b0 JavaThread "JMX server connection timeout 20" daemon [_thread_blocked, id=20708, stack(0x0000007812700000,0x0000007812800000)]
  0x000001f1fd345a20 JavaThread "mssql-jdbc-shared-timer-core-0" daemon [_thread_blocked, id=14544, stack(0x0000007812d00000,0x0000007812e00000)]
  0x000001f1fef44d70 JavaThread "HikariPool-1:housekeeper" daemon [_thread_blocked, id=25612, stack(0x0000007812e00000,0x0000007812f00000)]
  0x000001f1fef45280 JavaThread "Catalina-utility-1" [_thread_blocked, id=32172, stack(0x0000007813100000,0x0000007813200000)]
  0x000001f1fef46bd0 JavaThread "Catalina-utility-2" [_thread_blocked, id=2172, stack(0x0000007813200000,0x0000007813300000)]
  0x000001f1fef43e40 JavaThread "container-0" [_thread_blocked, id=15220, stack(0x0000007813300000,0x0000007813400000)]
=>0x000001f1fef43420 JavaThread "File Watcher" daemon [_thread_in_vm, id=29148, stack(0x0000007813400000,0x0000007813500000)]
  0x000001f1fef466c0 JavaThread "http-nio-8080-exec-1" daemon [_thread_blocked, id=25672, stack(0x0000007813500000,0x0000007813600000)]
  0x000001f1fef44860 JavaThread "http-nio-8080-exec-2" daemon [_thread_blocked, id=15884, stack(0x0000007813600000,0x0000007813700000)]
  0x000001f1fef45790 JavaThread "http-nio-8080-exec-3" daemon [_thread_blocked, id=25220, stack(0x0000007813700000,0x0000007813800000)]
  0x000001f1fef475f0 JavaThread "http-nio-8080-exec-4" daemon [_thread_blocked, id=14512, stack(0x0000007813800000,0x0000007813900000)]
  0x000001f1fef45ca0 JavaThread "http-nio-8080-exec-5" daemon [_thread_blocked, id=5936, stack(0x0000007813900000,0x0000007813a00000)]
  0x000001f1fef44350 JavaThread "http-nio-8080-exec-6" daemon [_thread_blocked, id=17740, stack(0x0000007813a00000,0x0000007813b00000)]
  0x000001f1fef48010 JavaThread "http-nio-8080-exec-7" daemon [_thread_blocked, id=23700, stack(0x0000007813b00000,0x0000007813c00000)]
  0x000001f1fef49450 JavaThread "http-nio-8080-exec-8" daemon [_thread_blocked, id=23592, stack(0x0000007813c00000,0x0000007813d00000)]
  0x000001f1fef48520 JavaThread "http-nio-8080-exec-9" daemon [_thread_blocked, id=27692, stack(0x0000007813d00000,0x0000007813e00000)]
  0x000001f1fef48a30 JavaThread "http-nio-8080-exec-10" daemon [_thread_blocked, id=30952, stack(0x0000007813e00000,0x0000007813f00000)]
  0x000001f1fef470e0 JavaThread "http-nio-8080-Poller" daemon [_thread_blocked, id=27484, stack(0x0000007813f00000,0x0000007814000000)]
  0x000001f1fef49960 JavaThread "http-nio-8080-Acceptor" daemon [_thread_in_native, id=10272, stack(0x0000007814000000,0x0000007814100000)]
  0x000001f1fef47b00 JavaThread "DestroyJavaVM" [_thread_blocked, id=31736, stack(0x0000007810600000,0x0000007810700000)]
  0x000001f1f7ea29e0 JavaThread "C1 CompilerThread1" daemon [_thread_blocked, id=22744, stack(0x0000007810300000,0x0000007810400000)]

Other Threads:
  0x000001f1f75b31b0 VMThread "VM Thread" [stack: 0x0000007810c00000,0x0000007810d00000] [id=12748] _threads_hazard_ptr=0x000001f1c18a3ac0
  0x000001f1dd1171e0 WatcherThread [stack: 0x0000007811b00000,0x0000007811c00000] [id=25224]
  0x000001f1dd180860 GCTaskThread "GC Thread#0" [stack: 0x0000007810700000,0x0000007810800000] [id=31916]
  0x000001f1f7f256a0 GCTaskThread "GC Thread#1" [stack: 0x0000007811d00000,0x0000007811e00000] [id=23532]
  0x000001f1f7f23de0 GCTaskThread "GC Thread#2" [stack: 0x0000007811e00000,0x0000007811f00000] [id=31344]
  0x000001f1f7f24360 GCTaskThread "GC Thread#3" [stack: 0x0000007811f00000,0x0000007812000000] [id=32648]
  0x000001f1f7f24e60 GCTaskThread "GC Thread#4" [stack: 0x0000007812000000,0x0000007812100000] [id=30692]
  0x000001f1f7f240a0 GCTaskThread "GC Thread#5" [stack: 0x0000007812100000,0x0000007812200000] [id=10612]
  0x000001f1f7f24620 GCTaskThread "GC Thread#6" [stack: 0x0000007812200000,0x0000007812300000] [id=6764]
  0x000001f1f7f25120 GCTaskThread "GC Thread#7" [stack: 0x0000007812300000,0x0000007812400000] [id=18676]
  0x000001f1dd191e80 ConcurrentGCThread "G1 Main Marker" [stack: 0x0000007810800000,0x0000007810900000] [id=29460]
  0x000001f1dd193040 ConcurrentGCThread "G1 Conc#0" [stack: 0x0000007810900000,0x0000007810a00000] [id=27688]
  0x000001f1fdd748f0 ConcurrentGCThread "G1 Conc#1" [stack: 0x0000007812c00000,0x0000007812d00000] [id=19872]
  0x000001f1dd1ae7d0 ConcurrentGCThread "G1 Refine#0" [stack: 0x0000007810a00000,0x0000007810b00000] [id=30824]
  0x000001f1f870fe50 ConcurrentGCThread "G1 Refine#1" [stack: 0x0000007812400000,0x0000007812500000] [id=32416]
  0x000001f1f8706600 ConcurrentGCThread "G1 Refine#2" [stack: 0x0000007812500000,0x0000007812600000] [id=5352]
  0x000001f1f74e7120 ConcurrentGCThread "G1 Service" [stack: 0x0000007810b00000,0x0000007810c00000] [id=29304]

Threads with active compile tasks:

VM state: synchronizing (normal execution)

VM Mutex/Monitor currently owned by a thread:  ([mutex/lock_event])
[0x000001f1dd103bf0] Metaspace_lock - owner thread: 0x000001f1fef43420
[0x000001f1dd1128c0] Threads_lock - owner thread: 0x000001f1f75b31b0

Heap address: 0x0000000706600000, size: 3994 MB, Compressed Oops mode: Zero based, Oop shift amount: 3

CDS archive(s) mapped at: [0x000001f180000000-0x000001f180bb0000-0x000001f180bb0000), size 12255232, SharedBaseAddress: 0x000001f180000000, ArchiveRelocationMode: 1.
Compressed class space mapped at: 0x000001f181000000-0x000001f1c1000000, reserved size: 1073741824
Narrow klass base: 0x000001f180000000, Narrow klass shift: 0, Narrow klass range: 0x100000000

GC Precious Log:
 CPUs: 8 total, 8 available
 Memory: 15970M
 Large Page Support: Disabled
 NUMA Support: Disabled
 Compressed Oops: Enabled (Zero based)
 Heap Region Size: 2M
 Heap Min Capacity: 8M
 Heap Initial Capacity: 250M
 Heap Max Capacity: 3994M
 Pre-touch: Disabled
 Parallel Workers: 8
 Concurrent Workers: 2
 Concurrent Refinement Workers: 8
 Periodic GC: Disabled

Heap:
 garbage-first heap   total 190464K, used 50500K [0x0000000706600000, 0x0000000800000000)
  region size 2048K, 8 young (16384K), 5 survivors (10240K)
 Metaspace       used 90429K, committed 91136K, reserved 1179648K
  class space    used 13251K, committed 13568K, reserved 1048576K

Heap Regions: E=young(eden), S=young(survivor), O=old, HS=humongous(starts), HC=humongous(continues), CS=collection set, F=free, OA=open archive, CA=closed archive, TAMS=top-at-mark-start (previous, next)
|   0|0x0000000706600000, 0x0000000706800000, 0x0000000706800000|100%| O|  |TAMS 0x0000000706800000, 0x0000000706600000| Untracked 
|   1|0x0000000706800000, 0x0000000706a00000, 0x0000000706a00000|100%| O|  |TAMS 0x0000000706a00000, 0x0000000706800000| Untracked 
|   2|0x0000000706a00000, 0x0000000706c00000, 0x0000000706c00000|100%| O|  |TAMS 0x0000000706c00000, 0x0000000706a00000| Untracked 
|   3|0x0000000706c00000, 0x0000000706e00000, 0x0000000706e00000|100%| O|  |TAMS 0x0000000706e00000, 0x0000000706c00000| Untracked 
|   4|0x0000000706e00000, 0x0000000707000000, 0x0000000707000000|100%| O|  |TAMS 0x0000000707000000, 0x0000000706e00000| Untracked 
|   5|0x0000000707000000, 0x0000000707200000, 0x0000000707200000|100%| O|  |TAMS 0x0000000707200000, 0x0000000707000000| Untracked 
|   6|0x0000000707200000, 0x0000000707400000, 0x0000000707400000|100%| O|  |TAMS 0x0000000707400000, 0x0000000707200000| Untracked 
|   7|0x0000000707400000, 0x0000000707600000, 0x0000000707600000|100%| O|  |TAMS 0x0000000707600000, 0x0000000707400000| Untracked 
|   8|0x0000000707600000, 0x0000000707800000, 0x0000000707800000|100%| O|  |TAMS 0x0000000707800000, 0x0000000707600000| Untracked 
|   9|0x0000000707800000, 0x0000000707a00000, 0x0000000707a00000|100%| O|  |TAMS 0x0000000707a00000, 0x0000000707800000| Untracked 
|  10|0x0000000707a00000, 0x0000000707c00000, 0x0000000707c00000|100%| O|  |TAMS 0x0000000707c00000, 0x0000000707a00000| Untracked 
|  11|0x0000000707c00000, 0x0000000707e00000, 0x0000000707e00000|100%| O|  |TAMS 0x0000000707e00000, 0x0000000707c00000| Untracked 
|  12|0x0000000707e00000, 0x0000000708000000, 0x0000000708000000|100%| O|  |TAMS 0x0000000708000000, 0x0000000707e00000| Untracked 
|  13|0x0000000708000000, 0x0000000708000000, 0x0000000708200000|  0%| F|  |TAMS 0x0000000708000000, 0x0000000708000000| Untracked 
|  14|0x0000000708200000, 0x0000000708400000, 0x0000000708400000|100%| O|  |TAMS 0x00000007083db800, 0x0000000708200000| Untracked 
|  15|0x0000000708400000, 0x0000000708600000, 0x0000000708600000|100%| O|  |TAMS 0x0000000708400000, 0x0000000708400000| Untracked 
|  16|0x0000000708600000, 0x0000000708800000, 0x0000000708800000|100%| O|  |TAMS 0x0000000708600000, 0x0000000708600000| Untracked 
|  17|0x0000000708800000, 0x0000000708a00000, 0x0000000708a00000|100%| O|  |TAMS 0x0000000708800000, 0x0000000708800000| Untracked 
|  18|0x0000000708a00000, 0x0000000708bf8600, 0x0000000708c00000| 98%| O|  |TAMS 0x0000000708a00000, 0x0000000708a00000| Untracked 
|  19|0x0000000708c00000, 0x0000000708c00000, 0x0000000708e00000|  0%| F|  |TAMS 0x0000000708c00000, 0x0000000708c00000| Untracked 
|  20|0x0000000708e00000, 0x0000000708e00000, 0x0000000709000000|  0%| F|  |TAMS 0x0000000708e00000, 0x0000000708e00000| Untracked 
|  21|0x0000000709000000, 0x0000000709000000, 0x0000000709200000|  0%| F|  |TAMS 0x0000000709000000, 0x0000000709000000| Untracked 
|  22|0x0000000709200000, 0x0000000709200000, 0x0000000709400000|  0%| F|  |TAMS 0x0000000709200000, 0x0000000709200000| Untracked 
|  23|0x0000000709400000, 0x0000000709400000, 0x0000000709600000|  0%| F|  |TAMS 0x0000000709400000, 0x0000000709400000| Untracked 
|  24|0x0000000709600000, 0x0000000709600000, 0x0000000709800000|  0%| F|  |TAMS 0x0000000709600000, 0x0000000709600000| Untracked 
|  25|0x0000000709800000, 0x0000000709800000, 0x0000000709a00000|  0%| F|  |TAMS 0x0000000709800000, 0x0000000709800000| Untracked 
|  26|0x0000000709a00000, 0x0000000709a00000, 0x0000000709c00000|  0%| F|  |TAMS 0x0000000709a00000, 0x0000000709a00000| Untracked 
|  27|0x0000000709c00000, 0x0000000709c00000, 0x0000000709e00000|  0%| F|  |TAMS 0x0000000709c00000, 0x0000000709c00000| Untracked 
|  28|0x0000000709e00000, 0x0000000709e00000, 0x000000070a000000|  0%| F|  |TAMS 0x0000000709e00000, 0x0000000709e00000| Untracked 
|  29|0x000000070a000000, 0x000000070a000000, 0x000000070a200000|  0%| F|  |TAMS 0x000000070a000000, 0x000000070a000000| Untracked 
|  30|0x000000070a200000, 0x000000070a200000, 0x000000070a400000|  0%| F|  |TAMS 0x000000070a200000, 0x000000070a200000| Untracked 
|  31|0x000000070a400000, 0x000000070a400000, 0x000000070a600000|  0%| F|  |TAMS 0x000000070a400000, 0x000000070a400000| Untracked 
|  32|0x000000070a600000, 0x000000070a600000, 0x000000070a800000|  0%| F|  |TAMS 0x000000070a600000, 0x000000070a600000| Untracked 
|  33|0x000000070a800000, 0x000000070a800000, 0x000000070aa00000|  0%| F|  |TAMS 0x000000070a800000, 0x000000070a800000| Untracked 
|  34|0x000000070aa00000, 0x000000070aa00000, 0x000000070ac00000|  0%| F|  |TAMS 0x000000070aa00000, 0x000000070aa00000| Untracked 
|  35|0x000000070ac00000, 0x000000070ac00000, 0x000000070ae00000|  0%| F|  |TAMS 0x000000070ac00000, 0x000000070ac00000| Untracked 
|  36|0x000000070ae00000, 0x000000070af58ac0, 0x000000070b000000| 67%| S|CS|TAMS 0x000000070ae00000, 0x000000070ae00000| Complete 
|  37|0x000000070b000000, 0x000000070b200000, 0x000000070b200000|100%| S|CS|TAMS 0x000000070b000000, 0x000000070b000000| Complete 
|  38|0x000000070b200000, 0x000000070b400000, 0x000000070b400000|100%| S|CS|TAMS 0x000000070b200000, 0x000000070b200000| Complete 
|  39|0x000000070b400000, 0x000000070b600000, 0x000000070b600000|100%| S|CS|TAMS 0x000000070b400000, 0x000000070b400000| Complete 
|  40|0x000000070b600000, 0x000000070b800000, 0x000000070b800000|100%| S|CS|TAMS 0x000000070b600000, 0x000000070b600000| Complete 
|  41|0x000000070b800000, 0x000000070b800000, 0x000000070ba00000|  0%| F|  |TAMS 0x000000070b800000, 0x000000070b800000| Untracked 
|  42|0x000000070ba00000, 0x000000070ba00000, 0x000000070bc00000|  0%| F|  |TAMS 0x000000070ba00000, 0x000000070ba00000| Untracked 
|  43|0x000000070bc00000, 0x000000070bc00000, 0x000000070be00000|  0%| F|  |TAMS 0x000000070bc00000, 0x000000070bc00000| Untracked 
|  44|0x000000070be00000, 0x000000070be00000, 0x000000070c000000|  0%| F|  |TAMS 0x000000070be00000, 0x000000070be00000| Untracked 
|  45|0x000000070c000000, 0x000000070c000000, 0x000000070c200000|  0%| F|  |TAMS 0x000000070c000000, 0x000000070c000000| Untracked 
|  46|0x000000070c200000, 0x000000070c200000, 0x000000070c400000|  0%| F|  |TAMS 0x000000070c200000, 0x000000070c200000| Untracked 
|  47|0x000000070c400000, 0x000000070c400000, 0x000000070c600000|  0%| F|  |TAMS 0x000000070c400000, 0x000000070c400000| Untracked 
|  48|0x000000070c600000, 0x000000070c600000, 0x000000070c800000|  0%| F|  |TAMS 0x000000070c600000, 0x000000070c600000| Untracked 
|  49|0x000000070c800000, 0x000000070c800000, 0x000000070ca00000|  0%| F|  |TAMS 0x000000070c800000, 0x000000070c800000| Untracked 
|  50|0x000000070ca00000, 0x000000070ca00000, 0x000000070cc00000|  0%| F|  |TAMS 0x000000070ca00000, 0x000000070ca00000| Untracked 
|  51|0x000000070cc00000, 0x000000070cc00000, 0x000000070ce00000|  0%| F|  |TAMS 0x000000070cc00000, 0x000000070cc00000| Untracked 
|  52|0x000000070ce00000, 0x000000070ce00000, 0x000000070d000000|  0%| F|  |TAMS 0x000000070ce00000, 0x000000070ce00000| Untracked 
|  53|0x000000070d000000, 0x000000070d000000, 0x000000070d200000|  0%| F|  |TAMS 0x000000070d000000, 0x000000070d000000| Untracked 
|  54|0x000000070d200000, 0x000000070d200000, 0x000000070d400000|  0%| F|  |TAMS 0x000000070d200000, 0x000000070d200000| Untracked 
|  55|0x000000070d400000, 0x000000070d400000, 0x000000070d600000|  0%| F|  |TAMS 0x000000070d400000, 0x000000070d400000| Untracked 
|  56|0x000000070d600000, 0x000000070d600000, 0x000000070d800000|  0%| F|  |TAMS 0x000000070d600000, 0x000000070d600000| Untracked 
|  57|0x000000070d800000, 0x000000070d800000, 0x000000070da00000|  0%| F|  |TAMS 0x000000070d800000, 0x000000070d800000| Untracked 
|  58|0x000000070da00000, 0x000000070da00000, 0x000000070dc00000|  0%| F|  |TAMS 0x000000070da00000, 0x000000070da00000| Untracked 
|  59|0x000000070dc00000, 0x000000070dc00000, 0x000000070de00000|  0%| F|  |TAMS 0x000000070dc00000, 0x000000070dc00000| Untracked 
|  60|0x000000070de00000, 0x000000070de00000, 0x000000070e000000|  0%| F|  |TAMS 0x000000070de00000, 0x000000070de00000| Untracked 
|  61|0x000000070e000000, 0x000000070e000000, 0x000000070e200000|  0%| F|  |TAMS 0x000000070e000000, 0x000000070e000000| Untracked 
|  62|0x000000070e200000, 0x000000070e200000, 0x000000070e400000|  0%| F|  |TAMS 0x000000070e200000, 0x000000070e200000| Untracked 
|  63|0x000000070e400000, 0x000000070e400000, 0x000000070e600000|  0%| F|  |TAMS 0x000000070e400000, 0x000000070e400000| Untracked 
|  64|0x000000070e600000, 0x000000070e600000, 0x000000070e800000|  0%| F|  |TAMS 0x000000070e600000, 0x000000070e600000| Untracked 
|  65|0x000000070e800000, 0x000000070e800000, 0x000000070ea00000|  0%| F|  |TAMS 0x000000070e800000, 0x000000070e800000| Untracked 
|  66|0x000000070ea00000, 0x000000070ea00000, 0x000000070ec00000|  0%| F|  |TAMS 0x000000070ea00000, 0x000000070ea00000| Untracked 
|  67|0x000000070ec00000, 0x000000070ec00000, 0x000000070ee00000|  0%| F|  |TAMS 0x000000070ec00000, 0x000000070ec00000| Untracked 
|  68|0x000000070ee00000, 0x000000070ee00000, 0x000000070f000000|  0%| F|  |TAMS 0x000000070ee00000, 0x000000070ee00000| Untracked 
|  69|0x000000070f000000, 0x000000070f000000, 0x000000070f200000|  0%| F|  |TAMS 0x000000070f000000, 0x000000070f000000| Untracked 
|  70|0x000000070f200000, 0x000000070f200000, 0x000000070f400000|  0%| F|  |TAMS 0x000000070f200000, 0x000000070f200000| Untracked 
|  71|0x000000070f400000, 0x000000070f400000, 0x000000070f600000|  0%| F|  |TAMS 0x000000070f400000, 0x000000070f400000| Untracked 
|  72|0x000000070f600000, 0x000000070f600000, 0x000000070f800000|  0%| F|  |TAMS 0x000000070f600000, 0x000000070f600000| Untracked 
|  73|0x000000070f800000, 0x000000070f800000, 0x000000070fa00000|  0%| F|  |TAMS 0x000000070f800000, 0x000000070f800000| Untracked 
|  74|0x000000070fa00000, 0x000000070fa00000, 0x000000070fc00000|  0%| F|  |TAMS 0x000000070fa00000, 0x000000070fa00000| Untracked 
|  75|0x000000070fc00000, 0x000000070fc00000, 0x000000070fe00000|  0%| F|  |TAMS 0x000000070fc00000, 0x000000070fc00000| Untracked 
|  76|0x000000070fe00000, 0x000000070fe00000, 0x0000000710000000|  0%| F|  |TAMS 0x000000070fe00000, 0x000000070fe00000| Untracked 
|  77|0x0000000710000000, 0x0000000710000000, 0x0000000710200000|  0%| F|  |TAMS 0x0000000710000000, 0x0000000710000000| Untracked 
|  78|0x0000000710200000, 0x0000000710200000, 0x0000000710400000|  0%| F|  |TAMS 0x0000000710200000, 0x0000000710200000| Untracked 
|  79|0x0000000710400000, 0x0000000710400000, 0x0000000710600000|  0%| F|  |TAMS 0x0000000710400000, 0x0000000710400000| Untracked 
|  80|0x0000000710600000, 0x0000000710600000, 0x0000000710800000|  0%| F|  |TAMS 0x0000000710600000, 0x0000000710600000| Untracked 
|  81|0x0000000710800000, 0x0000000710800000, 0x0000000710a00000|  0%| F|  |TAMS 0x0000000710800000, 0x0000000710800000| Untracked 
|  82|0x0000000710a00000, 0x0000000710a00000, 0x0000000710c00000|  0%| F|  |TAMS 0x0000000710a00000, 0x0000000710a00000| Untracked 
|  83|0x0000000710c00000, 0x0000000710c00000, 0x0000000710e00000|  0%| F|  |TAMS 0x0000000710c00000, 0x0000000710c00000| Untracked 
|  84|0x0000000710e00000, 0x0000000710e00000, 0x0000000711000000|  0%| F|  |TAMS 0x0000000710e00000, 0x0000000710e00000| Untracked 
|  85|0x0000000711000000, 0x0000000711000000, 0x0000000711200000|  0%| F|  |TAMS 0x0000000711000000, 0x0000000711000000| Untracked 
|  86|0x0000000711200000, 0x0000000711200000, 0x0000000711400000|  0%| F|  |TAMS 0x0000000711200000, 0x0000000711200000| Untracked 
|  87|0x0000000711400000, 0x0000000711400000, 0x0000000711600000|  0%| F|  |TAMS 0x0000000711400000, 0x0000000711400000| Untracked 
|  88|0x0000000711600000, 0x0000000711600000, 0x0000000711800000|  0%| F|  |TAMS 0x0000000711600000, 0x0000000711600000| Untracked 
|  89|0x0000000711800000, 0x0000000711800000, 0x0000000711a00000|  0%| F|  |TAMS 0x0000000711800000, 0x0000000711800000| Untracked 
|  90|0x0000000711a00000, 0x0000000711a079d8, 0x0000000711c00000|  1%| E|  |TAMS 0x0000000711a00000, 0x0000000711a00000| Complete 
|  91|0x0000000711c00000, 0x0000000711e00000, 0x0000000711e00000|100%| E|CS|TAMS 0x0000000711c00000, 0x0000000711c00000| Complete 
| 124|0x0000000715e00000, 0x0000000716000000, 0x0000000716000000|100%| E|CS|TAMS 0x0000000715e00000, 0x0000000715e00000| Complete 

Card table byte_map: [0x000001f1ec4c0000,0x000001f1ecc90000] _byte_map_base: 0x000001f1e8c8d000

Marking Bits (Prev, Next): (CMBitMap*) 0x000001f1dd180e80, (CMBitMap*) 0x000001f1dd180ec0
 Prev Bits: [0x000001f1ed460000, 0x000001f1f12c8000)
 Next Bits: [0x000001f1f12d0000, 0x000001f1f5138000)

Polling page: 0x000001f1dce80000

Metaspace:

Usage:
  Non-class:     75.37 MB used.
      Class:     12.94 MB used.
       Both:     88.31 MB used.

Virtual space:
  Non-class space:      128.00 MB reserved,      75.75 MB ( 59%) committed,  2 nodes.
      Class space:        1.00 GB reserved,      13.25 MB (  1%) committed,  1 nodes.
             Both:        1.12 GB reserved,      89.00 MB (  8%) committed. 

Chunk freelists:
   Non-Class:  4.17 MB
       Class:  2.64 MB
        Both:  6.81 MB

MaxMetaspaceSize: unlimited
CompressedClassSpaceSize: 1.00 GB
Initial GC threshold: 21.00 MB
Current GC threshold: 107.50 MB
CDS: on
MetaspaceReclaimPolicy: balanced
 - commit_granule_bytes: 65536.
 - commit_granule_words: 8192.
 - virtual_space_node_default_size: 8388608.
 - enlarge_chunks_in_place: 1.
 - new_chunks_are_fully_committed: 0.
 - uncommit_free_chunks: 1.
 - use_allocation_guard: 0.
 - handle_deallocations: 1.


Internal statistics:

num_allocs_failed_limit: 12.
num_arena_births: 1068.
num_arena_deaths: 0.
num_vsnodes_births: 3.
num_vsnodes_deaths: 0.
num_space_committed: 1424.
num_space_uncommitted: 0.
num_chunks_returned_to_freelist: 12.
num_chunks_taken_from_freelist: 4368.
num_chunk_merges: 12.
num_chunk_splits: 3176.
num_chunks_enlarged: 2459.
num_inconsistent_stats: 0.

CodeCache: size=49152Kb used=15337Kb max_used=15754Kb free=33814Kb
 bounds [0x000001f1e8400000, 0x000001f1e9370000, 0x000001f1eb400000]
 total_blobs=9213 nmethods=8468 adapters=669
 compilation: enabled
              stopped_count=0, restarted_count=0
 full_count=0

JVMCI Events (1 events):
Event: 0.021 Thread 0x000001f1dd116440 created new Java JVMCI runtime -1 (0x000001f1dd1955d0)

Compilation events (20 events):
Event: 100.671 Thread 0x000001f1f75d2730 8458       1       sun.rmi.transport.Transport$1::run (30 bytes)
Event: 100.672 Thread 0x000001f1f7ea29e0 8459       1       sun.rmi.transport.tcp.TCPTransport::checkAcceptPermission (40 bytes)
Event: 100.672 Thread 0x000001f1f75d2730 nmethod 8458 0x000001f1e862c090 code [0x000001f1e862c240, 0x000001f1e862c3b8]
Event: 100.672 Thread 0x000001f1f75d2730 8461   !   1       sun.rmi.server.UnicastServerRef::logCall (60 bytes)
Event: 100.673 Thread 0x000001f1f7ea29e0 nmethod 8459 0x000001f1e862bb10 code [0x000001f1e862bce0, 0x000001f1e862bf48]
Event: 100.673 Thread 0x000001f1f7ea29e0 8463       1       sun.rmi.transport.ConnectionInputStream::registerRefs (71 bytes)
Event: 100.674 Thread 0x000001f1f7ea29e0 nmethod 8463 0x000001f1e862b410 code [0x000001f1e862b620, 0x000001f1e862b978]
Event: 100.674 Thread 0x000001f1f75d2730 nmethod 8461 0x000001f1e862aa10 code [0x000001f1e862ac20, 0x000001f1e862afd8]
Event: 100.674 Thread 0x000001f1f7ea29e0 8464   !   1       sun.rmi.transport.ConnectionInputStream::done (145 bytes)
Event: 100.674 Thread 0x000001f1f75d2730 8462       1       sun.rmi.server.UnicastServerRef::unmarshalCustomCallData (31 bytes)
Event: 100.675 Thread 0x000001f1f75d2730 nmethod 8462 0x000001f1e862a410 code [0x000001f1e862a5e0, 0x000001f1e862a8a8]
Event: 100.675 Thread 0x000001f1f75d2730 8465       1       java.io.ObjectOutputStream::enableReplaceObject (47 bytes)
Event: 100.675 Thread 0x000001f1f75d2730 nmethod 8465 0x000001f1e8629f10 code [0x000001f1e862a0c0, 0x000001f1e862a2e8]
Event: 100.676 Thread 0x000001f1f75d2730 8466   !   1       sun.rmi.transport.StreamRemoteCall::releaseOutputStream (60 bytes)
Event: 100.676 Thread 0x000001f1f7ea29e0 nmethod 8464 0x000001f1e8627d90 code [0x000001f1e8628060, 0x000001f1e86293c8]
Event: 100.676 Thread 0x000001f1f75d2730 nmethod 8466 0x000001f1e8627510 code [0x000001f1e8627700, 0x000001f1e8627a08]
Event: 100.676 Thread 0x000001f1f7ea29e0 8467       1       sun.rmi.transport.ConnectionOutputStream::done (15 bytes)
Event: 100.677 Thread 0x000001f1f75d2730 8468  s    1       sun.rmi.transport.Target::decrementCallCount (50 bytes)
Event: 100.677 Thread 0x000001f1f7ea29e0 nmethod 8467 0x000001f1e8627190 code [0x000001f1e8627320, 0x000001f1e8627428]
Event: 100.677 Thread 0x000001f1f75d2730 nmethod 8468 0x000001f1e8626c90 code [0x000001f1e8626e40, 0x000001f1e86270b8]

GC Heap History (20 events):
Event: 4.755 GC heap before
{Heap before GC invocations=15 (full 0):
 garbage-first heap   total 96256K, used 67235K [0x0000000706600000, 0x0000000800000000)
  region size 2048K, 21 young (43008K), 2 survivors (4096K)
 Metaspace       used 59982K, committed 60608K, reserved 1114112K
  class space    used 8378K, committed 8704K, reserved 1048576K
}
Event: 4.759 GC heap after
{Heap after GC invocations=16 (full 0):
 garbage-first heap   total 96256K, used 31812K [0x0000000706600000, 0x0000000800000000)
  region size 2048K, 2 young (4096K), 2 survivors (4096K)
 Metaspace       used 59982K, committed 60608K, reserved 1114112K
  class space    used 8378K, committed 8704K, reserved 1048576K
}
Event: 5.180 GC heap before
{Heap before GC invocations=17 (full 0):
 garbage-first heap   total 96256K, used 76868K [0x0000000706600000, 0x0000000800000000)
  region size 2048K, 24 young (49152K), 2 survivors (4096K)
 Metaspace       used 64955K, committed 65600K, reserved 1114112K
  class space    used 9295K, committed 9600K, reserved 1048576K
}
Event: 5.184 GC heap after
{Heap after GC invocations=18 (full 0):
 garbage-first heap   total 155648K, used 32369K [0x0000000706600000, 0x0000000800000000)
  region size 2048K, 1 young (2048K), 1 survivors (2048K)
 Metaspace       used 64955K, committed 65600K, reserved 1114112K
  class space    used 9295K, committed 9600K, reserved 1048576K
}
Event: 6.463 GC heap before
{Heap before GC invocations=19 (full 0):
 garbage-first heap   total 122880K, used 104049K [0x0000000706600000, 0x0000000800000000)
  region size 2048K, 36 young (73728K), 1 survivors (2048K)
 Metaspace       used 73282K, committed 73920K, reserved 1114112K
  class space    used 10466K, committed 10816K, reserved 1048576K
}
Event: 6.468 GC heap after
{Heap after GC invocations=20 (full 0):
 garbage-first heap   total 122880K, used 35489K [0x0000000706600000, 0x0000000800000000)
  region size 2048K, 3 young (6144K), 3 survivors (6144K)
 Metaspace       used 73282K, committed 73920K, reserved 1114112K
  class space    used 10466K, committed 10816K, reserved 1048576K
}
Event: 6.490 GC heap before
{Heap before GC invocations=20 (full 0):
 garbage-first heap   total 122880K, used 37537K [0x0000000706600000, 0x0000000800000000)
  region size 2048K, 4 young (8192K), 3 survivors (6144K)
 Metaspace       used 73675K, committed 74304K, reserved 1114112K
  class space    used 10486K, committed 10816K, reserved 1048576K
}
Event: 6.495 GC heap after
{Heap after GC invocations=21 (full 0):
 garbage-first heap   total 122880K, used 36027K [0x0000000706600000, 0x0000000800000000)
  region size 2048K, 1 young (2048K), 1 survivors (2048K)
 Metaspace       used 73675K, committed 74304K, reserved 1114112K
  class space    used 10486K, committed 10816K, reserved 1048576K
}
Event: 6.722 GC heap before
{Heap before GC invocations=21 (full 0):
 garbage-first heap   total 122880K, used 99515K [0x0000000706600000, 0x0000000800000000)
  region size 2048K, 32 young (65536K), 1 survivors (2048K)
 Metaspace       used 75403K, committed 76096K, reserved 1114112K
  class space    used 10934K, committed 11264K, reserved 1048576K
}
Event: 6.726 GC heap after
{Heap after GC invocations=22 (full 0):
 garbage-first heap   total 122880K, used 42262K [0x0000000706600000, 0x0000000800000000)
  region size 2048K, 4 young (8192K), 4 survivors (8192K)
 Metaspace       used 75403K, committed 76096K, reserved 1114112K
  class space    used 10934K, committed 11264K, reserved 1048576K
}
Event: 6.892 GC heap before
{Heap before GC invocations=22 (full 0):
 garbage-first heap   total 122880K, used 95510K [0x0000000706600000, 0x0000000800000000)
  region size 2048K, 30 young (61440K), 4 survivors (8192K)
 Metaspace       used 77346K, committed 78016K, reserved 1179648K
  class space    used 11364K, committed 11648K, reserved 1048576K
}
Event: 6.895 GC heap after
{Heap after GC invocations=23 (full 0):
 garbage-first heap   total 122880K, used 39014K [0x0000000706600000, 0x0000000800000000)
  region size 2048K, 2 young (4096K), 2 survivors (4096K)
 Metaspace       used 77346K, committed 78016K, reserved 1179648K
  class space    used 11364K, committed 11648K, reserved 1048576K
}
Event: 7.228 GC heap before
{Heap before GC invocations=23 (full 0):
 garbage-first heap   total 122880K, used 96358K [0x0000000706600000, 0x0000000800000000)
  region size 2048K, 30 young (61440K), 2 survivors (4096K)
 Metaspace       used 80110K, committed 80768K, reserved 1179648K
  class space    used 11792K, committed 12096K, reserved 1048576K
}
Event: 7.231 GC heap after
{Heap after GC invocations=24 (full 0):
 garbage-first heap   total 122880K, used 39926K [0x0000000706600000, 0x0000000800000000)
  region size 2048K, 2 young (4096K), 2 survivors (4096K)
 Metaspace       used 80110K, committed 80768K, reserved 1179648K
  class space    used 11792K, committed 12096K, reserved 1048576K
}
Event: 7.369 GC heap before
{Heap before GC invocations=24 (full 0):
 garbage-first heap   total 122880K, used 99318K [0x0000000706600000, 0x0000000800000000)
  region size 2048K, 31 young (63488K), 2 survivors (4096K)
 Metaspace       used 80189K, committed 80832K, reserved 1179648K
  class space    used 11807K, committed 12096K, reserved 1048576K
}
Event: 7.371 GC heap after
{Heap after GC invocations=25 (full 0):
 garbage-first heap   total 122880K, used 41133K [0x0000000706600000, 0x0000000800000000)
  region size 2048K, 3 young (6144K), 3 survivors (6144K)
 Metaspace       used 80189K, committed 80832K, reserved 1179648K
  class space    used 11807K, committed 12096K, reserved 1048576K
}
Event: 7.729 GC heap before
{Heap before GC invocations=25 (full 0):
 garbage-first heap   total 122880K, used 98477K [0x0000000706600000, 0x0000000800000000)
  region size 2048K, 31 young (63488K), 3 survivors (6144K)
 Metaspace       used 81195K, committed 81856K, reserved 1179648K
  class space    used 11936K, committed 12224K, reserved 1048576K
}
Event: 7.734 GC heap after
{Heap after GC invocations=26 (full 0):
 garbage-first heap   total 190464K, used 42109K [0x0000000706600000, 0x0000000800000000)
  region size 2048K, 3 young (6144K), 3 survivors (6144K)
 Metaspace       used 81195K, committed 81856K, reserved 1179648K
  class space    used 11936K, committed 12224K, reserved 1048576K
}
Event: 77.218 GC heap before
{Heap before GC invocations=26 (full 0):
 garbage-first heap   total 190464K, used 148605K [0x0000000706600000, 0x0000000800000000)
  region size 2048K, 55 young (112640K), 3 survivors (6144K)
 Metaspace       used 90426K, committed 91136K, reserved 1179648K
  class space    used 13250K, committed 13568K, reserved 1048576K
}
Event: 77.225 GC heap after
{Heap after GC invocations=27 (full 0):
 garbage-first heap   total 190464K, used 46404K [0x0000000706600000, 0x0000000800000000)
  region size 2048K, 5 young (10240K), 5 survivors (10240K)
 Metaspace       used 90426K, committed 91136K, reserved 1179648K
  class space    used 13250K, committed 13568K, reserved 1048576K
}

Dll operation events (11 events):
Event: 0.008 Loaded shared library C:\Users\Surface\.jdks\graalvm-jdk-17.0.9\bin\java.dll
Event: 0.024 Loaded shared library C:\Users\Surface\.jdks\graalvm-jdk-17.0.9\bin\jsvml.dll
Event: 0.161 Loaded shared library C:\Users\Surface\.jdks\graalvm-jdk-17.0.9\bin\zip.dll
Event: 0.162 Loaded shared library C:\Users\Surface\.jdks\graalvm-jdk-17.0.9\bin\instrument.dll
Event: 0.169 Loaded shared library C:\Users\Surface\.jdks\graalvm-jdk-17.0.9\bin\net.dll
Event: 0.171 Loaded shared library C:\Users\Surface\.jdks\graalvm-jdk-17.0.9\bin\nio.dll
Event: 0.173 Loaded shared library C:\Users\Surface\.jdks\graalvm-jdk-17.0.9\bin\zip.dll
Event: 0.287 Loaded shared library C:\Users\Surface\.jdks\graalvm-jdk-17.0.9\bin\jimage.dll
Event: 0.305 Loaded shared library C:\Users\Surface\.jdks\graalvm-jdk-17.0.9\bin\management.dll
Event: 0.313 Loaded shared library C:\Users\Surface\.jdks\graalvm-jdk-17.0.9\bin\management_ext.dll
Event: 1.501 Loaded shared library C:\Users\Surface\.jdks\graalvm-jdk-17.0.9\bin\sunmscapi.dll

Deoptimization events (2 events):
Event: 2.707 Thread 0x000001f1fd3445e0 DEOPT PACKING pc=0x000001f1e8c10aec sp=0x00000078129fb2c0
Event: 2.707 Thread 0x000001f1fd3445e0 DEOPT UNPACKING pc=0x000001f1e845b1c5 sp=0x00000078129fa780 mode 0

Classes unloaded (0 events):
No events

Classes redefined (0 events):
No events

Internal exceptions (20 events):
Event: 7.738 Thread 0x000001f1fd3445e0 Exception <a 'sun/nio/fs/WindowsException'{0x0000000715e3ac28}> (0x0000000715e3ac28) 
thrown [s\src\hotspot\share\prims\jni.cpp, line 516]
Event: 7.764 Thread 0x000001f1fd3445e0 Exception <a 'java/lang/NoSuchMethodError'{0x0000000711d33208}: 'java.lang.Object java.lang.invoke.DirectMethodHandle$Holder.invokeVirtual(java.lang.Object, java.lang.Object, java.lang.Object, int)'> (0x0000000711d33208) 
thrown [s\src\hotspot\share\interpreter\linkResolver.cpp, line 759]
Event: 8.038 Thread 0x000001f1fd3445e0 Exception <a 'java/lang/NoSuchMethodError'{0x00000007100b0fa8}: 'java.lang.Object java.lang.invoke.DirectMethodHandle$Holder.invokeVirtual(java.lang.Object, java.lang.Object, int)'> (0x00000007100b0fa8) 
thrown [s\src\hotspot\share\interpreter\linkResolver.cpp, line 759]
Event: 8.088 Thread 0x000001f1fd3445e0 Exception <a 'java/lang/IncompatibleClassChangeError'{0x000000070fedb7d8}: Found class java.lang.Object, but interface was expected> (0x000000070fedb7d8) 
thrown [s\src\hotspot\share\interpreter\linkResolver.cpp, line 826]
Event: 8.143 Thread 0x000001f1fd3445e0 Exception <a 'java/lang/IncompatibleClassChangeError'{0x000000070fb59c68}: Found class java.lang.Object, but interface was expected> (0x000000070fb59c68) 
thrown [s\src\hotspot\share\interpreter\linkResolver.cpp, line 826]
Event: 8.287 Thread 0x000001f1fd3445e0 Exception <a 'java/lang/IncompatibleClassChangeError'{0x000000070ec8b0e0}: Found class java.lang.Object, but interface was expected> (0x000000070ec8b0e0) 
thrown [s\src\hotspot\share\interpreter\linkResolver.cpp, line 826]
Event: 8.382 Thread 0x000001f1fd3445e0 Exception <a 'java/lang/NoSuchMethodError'{0x000000070e4a0a70}: 'java.lang.Object java.lang.invoke.DirectMethodHandle$Holder.newInvokeSpecial(java.lang.Object, java.lang.Object, int, java.lang.Object, java.lang.Object)'> (0x000000070e4a0a70) 
thrown [s\src\hotspot\share\interpreter\linkResolver.cpp, line 759]
Event: 8.382 Thread 0x000001f1fd3445e0 Exception <a 'java/lang/NoSuchMethodError'{0x000000070e4a4c20}: 'java.lang.Object java.lang.invoke.DirectMethodHandle$Holder.invokeSpecial(java.lang.Object, java.lang.Object, java.lang.Object, int, java.lang.Object, java.lang.Object)'> (0x000000070e4a4c20) 
thrown [s\src\hotspot\share\interpreter\linkResolver.cpp, line 759]
Event: 8.439 Thread 0x000001f1fd3445e0 Exception <a 'java/lang/NoSuchMethodError'{0x000000070dc32a18}: 'double java.lang.invoke.DirectMethodHandle$Holder.invokeStatic(java.lang.Object, double)'> (0x000000070dc32a18) 
thrown [s\src\hotspot\share\interpreter\linkResolver.cpp, line 759]
Event: 8.440 Thread 0x000001f1fd3445e0 Exception <a 'java/lang/NoSuchMethodError'{0x000000070dc385e0}: 'double java.lang.invoke.DirectMethodHandle$Holder.invokeStaticInit(java.lang.Object, double)'> (0x000000070dc385e0) 
thrown [s\src\hotspot\share\interpreter\linkResolver.cpp, line 759]
Event: 8.478 Thread 0x000001f1fd3445e0 Exception <a 'java/lang/NoSuchMethodError'{0x000000070d670b78}: 'java.lang.Object java.lang.invoke.DirectMethodHandle$Holder.invokeStatic(java.lang.Object, java.lang.Object, java.lang.Object, java.lang.Object, java.lang.Object, java.lang.Object, java.lang.Object, java.lang.Object, java.lang.Object, java.lang.Object, int)'> (0x000000070d670b78) 
thrown [s\src\hotspot\share\interpreter\linkResolver.cpp, line 759]
Event: 8.478 Thread 0x000001f1fd3445e0 Exception <a 'java/lang/NoSuchMethodError'{0x000000070d67ceb8}: 'java.lang.Object java.lang.invoke.DirectMethodHandle$Holder.invokeStatic(java.lang.Object, java.lang.Object, java.lang.Object, java.lang.Object, java.lang.Object, java.lang.Object, java.lang.Object, java.lang.Object, java.lang.Object, java.lang.Object, java.lang.Object, int)'> (0x000000070d67ceb8) 
thrown [s\src\hotspot\share\interpreter\linkResolver.cpp, line 759]
Event: 8.478 Thread 0x000001f1fd3445e0 Exception <a 'java/lang/NoSuchMethodError'{0x000000070d6893b0}: 'java.lang.Object java.lang.invoke.DirectMethodHandle$Holder.invokeStatic(java.lang.Object, java.lang.Object, java.lang.Object, java.lang.Object, java.lang.Object, java.lang.Object, java.lang.Object, java.lang.Object, java.lang.Object, int)'> (0x000000070d6893b0) 
thrown [s\src\hotspot\share\interpreter\linkResolver.cpp, line 759]
Event: 8.502 Thread 0x000001f1fd3445e0 Exception <a 'java/lang/NoSuchMethodError'{0x000000070d481690}: 'java.lang.Object java.lang.invoke.DirectMethodHandle$Holder.newInvokeSpecial(java.lang.Object, java.lang.Object, int, int)'> (0x000000070d481690) 
thrown [s\src\hotspot\share\interpreter\linkResolver.cpp, line 759]
Event: 8.506 Thread 0x000001f1fd3445e0 Exception <a 'java/lang/NoSuchMethodError'{0x000000070d4d2a88}: 'void java.lang.invoke.DirectMethodHandle$Holder.invokeStatic(java.lang.Object, java.lang.Object, int, int, java.lang.Object)'> (0x000000070d4d2a88) 
thrown [s\src\hotspot\share\interpreter\linkResolver.cpp, line 759]
Event: 8.508 Thread 0x000001f1fd3445e0 Exception <a 'java/lang/NoSuchMethodError'{0x000000070d5187c8}: 'void java.lang.invoke.DirectMethodHandle$Holder.invokeSpecialIFC(java.lang.Object, java.lang.Object, int, java.lang.Object, java.lang.Object, java.lang.Object, java.lang.Object)'> (0x000000070d5187c8) 
thrown [s\src\hotspot\share\interpreter\linkResolver.cpp, line 759]
Event: 14.956 Thread 0x000001f1fef49960 Exception <a 'java/lang/NoSuchMethodError'{0x000000070de25618}: 'java.lang.Object java.lang.invoke.DirectMethodHandle$Holder.invokeStatic(java.lang.Object, java.lang.Object, java.lang.Object, int, int)'> (0x000000070de25618) 
thrown [s\src\hotspot\share\interpreter\linkResolver.cpp, line 759]
Event: 14.956 Thread 0x000001f1fef49960 Exception <a 'java/lang/NoSuchMethodError'{0x000000070de28bb8}: 'java.lang.Object java.lang.invoke.DirectMethodHandle$Holder.invokeStaticInit(java.lang.Object, java.lang.Object, java.lang.Object, int, int)'> (0x000000070de28bb8) 
thrown [s\src\hotspot\share\interpreter\linkResolver.cpp, line 759]
Event: 14.989 Thread 0x000001f1fef466c0 Exception <a 'java/lang/NoSuchMethodError'{0x000000070cad02f0}: 'java.lang.Object java.lang.invoke.DirectMethodHandle$Holder.invokeSpecial(java.lang.Object, java.lang.Object, java.lang.Object, java.lang.Object, java.lang.Object, long)'> (0x000000070cad02f0) 
thrown [s\src\hotspot\share\interpreter\linkResolver.cpp, line 759]
Event: 14.989 Thread 0x000001f1fef466c0 Exception <a 'java/lang/NoSuchMethodError'{0x000000070cad3d30}: 'java.lang.Object java.lang.invoke.Invokers$Holder.linkToTargetMethod(java.lang.Object, java.lang.Object, java.lang.Object, long, java.lang.Object)'> (0x000000070cad3d30) 
thrown [s\src\hotspot\share\interpreter\linkResolver.cpp, line 759]

VM Operations (20 events):
Event: 60.077 Executing VM operation: HandshakeAllThreads done
Event: 65.098 Executing VM operation: Cleanup
Event: 65.098 Executing VM operation: Cleanup done
Event: 72.133 Executing VM operation: Cleanup
Event: 72.133 Executing VM operation: Cleanup done
Event: 76.164 Executing VM operation: Cleanup
Event: 76.165 Executing VM operation: Cleanup done
Event: 77.218 Executing VM operation: G1CollectForAllocation
Event: 77.225 Executing VM operation: G1CollectForAllocation done
Event: 81.236 Executing VM operation: Cleanup
Event: 81.236 Executing VM operation: Cleanup done
Event: 83.239 Executing VM operation: Cleanup
Event: 83.239 Executing VM operation: Cleanup done
Event: 86.258 Executing VM operation: Cleanup
Event: 86.258 Executing VM operation: Cleanup done
Event: 89.297 Executing VM operation: Cleanup
Event: 89.297 Executing VM operation: Cleanup done
Event: 97.338 Executing VM operation: Cleanup
Event: 97.339 Executing VM operation: Cleanup done
Event: 101.358 Executing VM operation: Cleanup

Events (20 events):
Event: 15.278 loading class com/sun/crypto/provider/HmacCore$HmacSHA256
Event: 15.278 loading class com/sun/crypto/provider/HmacCore
Event: 15.278 loading class javax/crypto/MacSpi
Event: 15.278 loading class javax/crypto/MacSpi done
Event: 15.278 loading class com/sun/crypto/provider/HmacCore done
Event: 15.278 loading class com/sun/crypto/provider/HmacCore$HmacSHA256 done
Event: 15.345 loading class java/io/FileOutputStream$1
Event: 15.345 loading class java/io/FileOutputStream$1 done
Event: 15.410 loading class java/util/function/IntBinaryOperator
Event: 15.410 loading class java/util/function/IntBinaryOperator done
Event: 15.410 loading class java/util/stream/ReduceOps$7
Event: 15.410 loading class java/util/stream/ReduceOps$7 done
Event: 15.411 loading class java/util/stream/ReduceOps$6ReducingSink
Event: 15.411 loading class java/util/stream/ReduceOps$6ReducingSink done
Event: 76.136 Thread 0x000001f1f7ea29e0 Thread added: 0x000001f1f7ea29e0
Event: 84.420 Thread 0x000001f1f7ea29e0 Thread exited: 0x000001f1f7ea29e0
Event: 90.572 Thread 0x000001f1fef42f10 Thread exited: 0x000001f1fef42f10
Event: 100.671 Thread 0x000001f1f7ea29e0 Thread added: 0x000001f1f7ea29e0
Event: 101.300 loading class java/lang/Throwable$WrappedPrintStream
Event: 101.300 loading class java/lang/Throwable$WrappedPrintStream done


Dynamic libraries:
0x00007ff796a00000 - 0x00007ff796a0e000 	C:\Users\Surface\.jdks\graalvm-jdk-17.0.9\bin\java.exe
0x00007ffcd6160000 - 0x00007ffcd63c8000 	C:\WINDOWS\SYSTEM32\ntdll.dll
0x00007ffcd4420000 - 0x00007ffcd44e9000 	C:\WINDOWS\System32\KERNEL32.DLL
0x00007ffcd2a40000 - 0x00007ffcd2e31000 	C:\WINDOWS\System32\KERNELBASE.dll
0x00007ffcd36b0000 - 0x00007ffcd37fb000 	C:\WINDOWS\System32\ucrtbase.dll
0x00007ffcbf6c0000 - 0x00007ffcbf6d7000 	C:\Users\Surface\.jdks\graalvm-jdk-17.0.9\bin\jli.dll
0x00007ffcbf3b0000 - 0x00007ffcbf3cb000 	C:\Users\Surface\.jdks\graalvm-jdk-17.0.9\bin\VCRUNTIME140.dll
0x00007ffcd44f0000 - 0x00007ffcd46b6000 	C:\WINDOWS\System32\USER32.dll
0x00007ffcbc6b0000 - 0x00007ffcbc943000 	C:\WINDOWS\WinSxS\amd64_microsoft.windows.common-controls_6595b64144ccf1df_6.0.26100.7824_none_3e0870b2e3345462\COMCTL32.dll
0x00007ffcd3e20000 - 0x00007ffcd3e47000 	C:\WINDOWS\System32\win32u.dll
0x00007ffcd40b0000 - 0x00007ffcd4159000 	C:\WINDOWS\System32\msvcrt.dll
0x00007ffcd4fb0000 - 0x00007ffcd4fdb000 	C:\WINDOWS\System32\GDI32.dll
0x00007ffcd3cf0000 - 0x00007ffcd3e1b000 	C:\WINDOWS\System32\gdi32full.dll
0x00007ffcd3e50000 - 0x00007ffcd3ef3000 	C:\WINDOWS\System32\msvcp_win.dll
0x00007ffcd5e10000 - 0x00007ffcd5e41000 	C:\WINDOWS\System32\IMM32.DLL
0x00007ffcbf6b0000 - 0x00007ffcbf6bc000 	C:\Users\Surface\.jdks\graalvm-jdk-17.0.9\bin\vcruntime140_1.dll
0x00007ffca1000000 - 0x00007ffca108e000 	C:\Users\Surface\.jdks\graalvm-jdk-17.0.9\bin\msvcp140.dll
0x00007ffc176e0000 - 0x00007ffc182b8000 	C:\Users\Surface\.jdks\graalvm-jdk-17.0.9\bin\server\jvm.dll
0x00007ffcd5f10000 - 0x00007ffcd5fc4000 	C:\WINDOWS\System32\ADVAPI32.dll
0x00007ffcd4000000 - 0x00007ffcd40a6000 	C:\WINDOWS\System32\sechost.dll
0x00007ffcd4160000 - 0x00007ffcd4278000 	C:\WINDOWS\System32\RPCRT4.dll
0x00007ffcbf090000 - 0x00007ffcbf0c5000 	C:\WINDOWS\SYSTEM32\WINMM.dll
0x00007ffcd28a0000 - 0x00007ffcd28fe000 	C:\WINDOWS\SYSTEM32\POWRPROF.dll
0x00007ffcbf680000 - 0x00007ffcbf68a000 	C:\WINDOWS\SYSTEM32\WSOCK32.dll
0x00007ffcc2320000 - 0x00007ffcc232b000 	C:\WINDOWS\SYSTEM32\VERSION.dll
0x00007ffcd5fd0000 - 0x00007ffcd6044000 	C:\WINDOWS\System32\WS2_32.dll
0x00007ffcd2880000 - 0x00007ffcd2894000 	C:\WINDOWS\SYSTEM32\UMPDC.dll
0x00007ffcd17e0000 - 0x00007ffcd17fb000 	C:\WINDOWS\SYSTEM32\kernel.appcore.dll
0x00007ffcbee70000 - 0x00007ffcbee7a000 	C:\Users\Surface\.jdks\graalvm-jdk-17.0.9\bin\jimage.dll
0x00007ffcd0740000 - 0x00007ffcd0982000 	C:\WINDOWS\SYSTEM32\DBGHELP.DLL
0x00007ffcd55e0000 - 0x00007ffcd5966000 	C:\WINDOWS\System32\combase.dll
0x00007ffcd5330000 - 0x00007ffcd5407000 	C:\WINDOWS\System32\OLEAUT32.dll
0x00007ffcc0380000 - 0x00007ffcc03bb000 	C:\WINDOWS\SYSTEM32\dbgcore.DLL
0x00007ffcd3af0000 - 0x00007ffcd3b95000 	C:\WINDOWS\System32\bcryptPrimitives.dll
0x00007ffcbee60000 - 0x00007ffcbee6e000 	C:\Users\Surface\.jdks\graalvm-jdk-17.0.9\bin\instrument.dll
0x00007ffcbdbf0000 - 0x00007ffcbdc15000 	C:\Users\Surface\.jdks\graalvm-jdk-17.0.9\bin\java.dll
0x00007ffc91cb0000 - 0x00007ffc91d87000 	C:\Users\Surface\.jdks\graalvm-jdk-17.0.9\bin\jsvml.dll
0x00007ffcd4830000 - 0x00007ffcd4f82000 	C:\WINDOWS\System32\SHELL32.dll
0x00007ffcd3800000 - 0x00007ffcd396a000 	C:\WINDOWS\System32\wintypes.dll
0x00007ffcd2e40000 - 0x00007ffcd36a3000 	C:\WINDOWS\System32\windows.storage.dll
0x00007ffcd5470000 - 0x00007ffcd5566000 	C:\WINDOWS\System32\SHCORE.dll
0x00007ffcd5570000 - 0x00007ffcd55d7000 	C:\WINDOWS\System32\shlwapi.dll
0x00007ffcd2960000 - 0x00007ffcd2989000 	C:\WINDOWS\SYSTEM32\profapi.dll
0x00007ffca90e0000 - 0x00007ffca90f8000 	C:\Users\Surface\.jdks\graalvm-jdk-17.0.9\bin\zip.dll
0x00007ffcbe570000 - 0x00007ffcbe589000 	C:\Users\Surface\.jdks\graalvm-jdk-17.0.9\bin\net.dll
0x00007ffccd2a0000 - 0x00007ffccd3c7000 	C:\WINDOWS\SYSTEM32\WINHTTP.dll
0x00007ffcd1d50000 - 0x00007ffcd1dbb000 	C:\WINDOWS\system32\mswsock.dll
0x00007ffcb7180000 - 0x00007ffcb7196000 	C:\Users\Surface\.jdks\graalvm-jdk-17.0.9\bin\nio.dll
0x00007ffcd12f0000 - 0x00007ffcd141c000 	C:\WINDOWS\SYSTEM32\DNSAPI.dll
0x00007ffcd1250000 - 0x00007ffcd1284000 	C:\WINDOWS\SYSTEM32\IPHLPAPI.DLL
0x00007ffcd5460000 - 0x00007ffcd546a000 	C:\WINDOWS\System32\NSI.dll
0x00007ffcca900000 - 0x00007ffcca90b000 	C:\Windows\System32\rasadhlp.dll
0x00007ffccd970000 - 0x00007ffccd9f6000 	C:\WINDOWS\System32\fwpuclnt.dll
0x00007ffcb7170000 - 0x00007ffcb717a000 	C:\Users\Surface\.jdks\graalvm-jdk-17.0.9\bin\management.dll
0x00007ffca59b0000 - 0x00007ffca59bb000 	C:\Users\Surface\.jdks\graalvm-jdk-17.0.9\bin\management_ext.dll
0x00007ffcd6110000 - 0x00007ffcd6118000 	C:\WINDOWS\System32\PSAPI.DLL
0x00007ffcd2020000 - 0x00007ffcd203b000 	C:\WINDOWS\SYSTEM32\CRYPTSP.dll
0x00007ffcd1740000 - 0x00007ffcd1779000 	C:\WINDOWS\system32\rsaenh.dll
0x00007ffcd1e00000 - 0x00007ffcd1e2b000 	C:\WINDOWS\SYSTEM32\USERENV.dll
0x00007ffcd2930000 - 0x00007ffcd295a000 	C:\WINDOWS\SYSTEM32\bcrypt.dll
0x00007ffcd2040000 - 0x00007ffcd204c000 	C:\WINDOWS\SYSTEM32\CRYPTBASE.dll
0x00007ffccd660000 - 0x00007ffccd67e000 	C:\WINDOWS\SYSTEM32\dhcpcsvc6.DLL
0x00007ffccd630000 - 0x00007ffccd653000 	C:\WINDOWS\SYSTEM32\dhcpcsvc.DLL
0x00007ffc6dda0000 - 0x00007ffc6ddb8000 	C:\WINDOWS\system32\napinsp.dll
0x00007ffc61e10000 - 0x00007ffc61e22000 	C:\WINDOWS\System32\winrnr.dll
0x00007ffc51ca0000 - 0x00007ffc51cc2000 	C:\WINDOWS\system32\nlansp_c.dll
0x00007ffc9f900000 - 0x00007ffc9f916000 	C:\WINDOWS\system32\wshbth.dll
0x00007ffcb6ac0000 - 0x00007ffcb6b16000 	C:\WINDOWS\SYSTEM32\pdh.dll
0x00007ffcbfaa0000 - 0x00007ffcbfab2000 	C:\WINDOWS\System32\perfproc.dll
0x00007ffca8800000 - 0x00007ffca8811000 	C:\WINDOWS\System32\perfos.dll
0x00007ffcd0ef0000 - 0x00007ffcd0f02000 	C:\WINDOWS\SYSTEM32\pfclient.dll
0x00007ffcbdbe0000 - 0x00007ffcbdbee000 	C:\Users\Surface\.jdks\graalvm-jdk-17.0.9\bin\sunmscapi.dll
0x00007ffcd3970000 - 0x00007ffcd3ae7000 	C:\WINDOWS\System32\CRYPT32.dll
0x00007ffcd2240000 - 0x00007ffcd2270000 	C:\WINDOWS\SYSTEM32\ncrypt.dll
0x00007ffcd21f0000 - 0x00007ffcd222f000 	C:\WINDOWS\SYSTEM32\NTASN1.dll
0x00007ffccfa90000 - 0x00007ffccfa98000 	C:\WINDOWS\system32\wshunix.dll

dbghelp: loaded successfully - version: 4.0.5 - missing functions: none
symbol engine: initialized successfully - sym options: 0x614 - pdb path: .;C:\Users\Surface\.jdks\graalvm-jdk-17.0.9\bin;C:\WINDOWS\SYSTEM32;C:\WINDOWS\WinSxS\amd64_microsoft.windows.common-controls_6595b64144ccf1df_6.0.26100.7824_none_3e0870b2e3345462;C:\Users\Surface\.jdks\graalvm-jdk-17.0.9\bin\server

VM Arguments:
jvm_args: -XX:ThreadPriorityPolicy=1 -XX:+UnlockExperimentalVMOptions -XX:+EnableJVMCIProduct -XX:-UnlockExperimentalVMOptions -XX:TieredStopAtLevel=1 -Dspring.output.ansi.enabled=always -Dcom.sun.management.jmxremote -Dspring.jmx.enabled=true -Dspring.liveBeansView.mbeanDomain -Dspring.application.admin.enabled=true -Dmanagement.endpoints.jmx.exposure.include=* -javaagent:C:\Program Files\JetBrains\IntelliJ IDEA 2024.3.6\lib\idea_rt.jar=1133 -Dfile.encoding=UTF-8 
java_command: org.sb_ibms.Sbgroup2Application
java_class_path (initial): E:\sbgroup\sbgroup2\target\classes;C:\Users\Surface\.m2\repository\org\springframework\boot\spring-boot-starter-web\4.0.1\spring-boot-starter-web-4.0.1.jar;C:\Users\Surface\.m2\repository\org\springframework\boot\spring-boot-starter-jackson\4.0.1\spring-boot-starter-jackson-4.0.1.jar;C:\Users\Surface\.m2\repository\org\springframework\boot\spring-boot-jackson\4.0.1\spring-boot-jackson-4.0.1.jar;C:\Users\Surface\.m2\repository\tools\jackson\core\jackson-databind\3.0.3\jackson-databind-3.0.3.jar;C:\Users\Surface\.m2\repository\tools\jackson\core\jackson-core\3.0.3\jackson-core-3.0.3.jar;C:\Users\Surface\.m2\repository\org\springframework\boot\spring-boot-starter-tomcat\4.0.1\spring-boot-starter-tomcat-4.0.1.jar;C:\Users\Surface\.m2\repository\org\springframework\boot\spring-boot-starter-tomcat-runtime\4.0.1\spring-boot-starter-tomcat-runtime-4.0.1.jar;C:\Users\Surface\.m2\repository\org\apache\tomcat\embed\tomcat-embed-core\11.0.15\tomcat-embed-core-11.0.15.jar;C:\Users\Surface\.m2\repository\org\apache\tomcat\embed\tomcat-embed-el\11.0.15\tomcat-embed-el-11.0.15.jar;C:\Users\Surface\.m2\repository\org\apache\tomcat\embed\tomcat-embed-websocket\11.0.15\tomcat-embed-websocket-11.0.15.jar;C:\Users\Surface\.m2\repository\org\springframework\boot\spring-boot-tomcat\4.0.1\spring-boot-tomcat-4.0.1.jar;C:\Users\Surface\.m2\repository\org\springframework\boot\spring-boot-http-converter\4.0.1\spring-boot-http-converter-4.0.1.jar;C:\Users\Surface\.m2\repository\org\springframework\spring-web\7.0.2\spring-web-7.0.2.jar;C:\Users\Surface\.m2\repository\io\micrometer\micrometer-observation\1.16.1\micrometer-observation-1.16.1.jar;C:\Users\Surface\.m2\repository\io\micrometer\micrometer-commons\1.16.1\micrometer-commons-1.16.1.jar;C:\Users\Surface\.m2\repository\org\springframework\boot\spring-boot-webmvc\4.0.1\spring-boot-webmvc-4.0.1.jar;C:\Users\Surface\.m2\repository\org\springframework\boot\spring-boot-servlet\4.0.1\spring-boot-servlet-4.0.1.jar;C:\
Launcher Type: SUN_STANDARD

[Global flags]
     intx CICompilerCount                          = 4                                         {product} {ergonomic}
     uint ConcGCThreads                            = 2                                         {product} {ergonomic}
     bool EnableJVMCIProduct                       = true                                {JVMCI product} {jimage}
     uint G1ConcRefinementThreads                  = 8                                         {product} {ergonomic}
   size_t G1HeapRegionSize                         = 2097152                                   {product} {ergonomic}
    uintx GCDrainStackTargetSize                   = 64                                        {product} {ergonomic}
   size_t InitialHeapSize                          = 262144000                                 {product} {ergonomic}
     bool ManagementServer                         = true                                      {product} {command line}
   size_t MarkStackSize                            = 4194304                                   {product} {ergonomic}
   size_t MaxHeapSize                              = 4188012544                                {product} {ergonomic}
   size_t MaxNewSize                               = 2512388096                                {product} {ergonomic}
   size_t MinHeapDeltaBytes                        = 2097152                                   {product} {ergonomic}
   size_t MinHeapSize                              = 8388608                                   {product} {ergonomic}
    uintx NonProfiledCodeHeapSize                  = 0                                      {pd product} {ergonomic}
     bool ProfileInterpreter                       = false                                  {pd product} {command line}
    uintx ProfiledCodeHeapSize                     = 0                                      {pd product} {ergonomic}
   size_t SoftMaxHeapSize                          = 4188012544                             {manageable} {ergonomic}
     intx ThreadPriorityPolicy                     = 1                                         {product} {jimage}
     intx TieredStopAtLevel                        = 1                                         {product} {command line}
     bool UseCompressedClassPointers               = true                           {product lp64_product} {ergonomic}
     bool UseCompressedOops                        = true                           {product lp64_product} {ergonomic}
     bool UseG1GC                                  = true                                      {product} {ergonomic}
     bool UseLargePagesIndividualAllocation        = false                                  {pd product} {ergonomic}

Logging:
Log output configuration:
 #0: stdout all=warning uptime,level,tags
 #1: stderr all=off uptime,level,tags

Environment Variables:
PATH=C:\Program Files\Common Files\Oracle\Java\javapath;C:\Program Files\Eclipse Adoptium\jdk-21.0.8.9-hotspot\bin;C:\Program Files (x86)\Common Files\Intel\Shared Libraries\redist\intel64_win\compiler;C:\WINDOWS\system32;C:\WINDOWS;C:\WINDOWS\System32\Wbem;C:\WINDOWS\System32\WindowsPowerShell\v1.0\;C:\WINDOWS\System32\OpenSSH\;C:\Program Files\PuTTY\;C:\xampp\php;C:\ProgramData\ComposerSetup\bin;C:\Program Files\nodejs\;C:\ProgramData\chocolatey\bin;C:\Program Files (x86)\Turbo\Cmd\;C:\Program Files\dotnet\;C:\Program Files\Cloudflare\Cloudflare WARP\;C:\Program Files\Git\cmd;C:\Program Files\Microsoft SQL Server\Client SDK\ODBC\170\Tools\Binn\;C:\Program Files (x86)\Microsoft SQL Server\150\Tools\Binn\;C:\Program Files\Microsoft SQL Server\150\Tools\Binn\;C:\Program Files\Microsoft SQL Server\150\DTS\Binn\;C:\Users\Surface\AppData\Local\Programs\Python\Launcher\;C:\Users\Surface\AppData\Local\Microsoft\WindowsApps;C:\Users\Surface\AppData\Roaming\Composer\vendor\bin;C:\Users\Surface\AppData\Roaming\npm;C:\Users\Surface\AppData\Local\Programs\Microsoft VS Code\bin;
USERNAME=Surface
OS=Windows_NT
PROCESSOR_IDENTIFIER=Intel64 Family 6 Model 126 Stepping 5, GenuineIntel
TMP=C:\Users\Surface\AppData\Local\Temp
TEMP=C:\Users\Surface\AppData\Local\Temp



Periodic native trim disabled


---------------  S Y S T E M  ---------------

OS:
 Windows 11 , 64 bit Build 26100 (10.0.26100.7705)
OS uptime: 1 days 21:20 hours

CPU: total 8 (initial active 8) (4 cores per cpu, 2 threads per core) family 6 model 126 stepping 5 microcode 0xbc, cx8, cmov, fxsr, ht, mmx, 3dnowpref, sse, sse2, sse3, ssse3, sse4.1, sse4.2, popcnt, lzcnt, tsc, tscinvbit, avx, avx2, aes, erms, clmul, bmi1, bmi2, adx, avx512f, avx512dq, avx512cd, avx512bw, avx512vl, sha, fma, vzeroupper, avx512_vpopcntdq, avx512_vpclmulqdq, avx512_vaes, avx512_vnni, clflush, clflushopt, avx512_vbmi2, avx512_vbmi
Processor Information for all 8 processors :
  Max Mhz: 1498, Current Mhz: 1298, Mhz Limit: 1288

Memory: 4k page, system-wide physical 15970M (642M free)
TotalPageFile size 41831M (AvailPageFile size 0M)
current process WorkingSet (physical memory assigned to process): 381M, peak: 381M
current process commit charge ("private bytes"): 429M, peak: 429M

vm_info: OpenJDK 64-Bit Server VM (17.0.9+9-jvmci-23.0-b22) for windows-amd64 JRE (17.0.9+9-jvmci-23.0-b22), built on Oct 18 2023 02:18:43 by "" with MS VC++ 17.1 (VS2022)

END.
